# JRE version: OpenJDK Runtime Environment (8.0_181-b13) (build 1.8.0_181-8u181-b13-0ubuntu0.16.04.1-b13)
# Java VM: OpenJDK Server VM (25.181-b13 mixed mode linux-x86 )
Heap:
 PSYoungGen      total 186112K, used 13040K [0x92580000, 0x9eac0000, 0xa6e00000)
  eden space 173056K, 0% used [0x92580000,0x92580000,0x9ce80000)
  from space 13056K, 99% used [0x9ce80000,0x9db3c080,0x9db40000)
  to   space 10496K, 0% used [0x9db40000,0x9db40000,0x9e580000)
 ParOldGen       total 49408K, used 31804K [0x69400000, 0x6c440000, 0x92580000)
  object space 49408K, 64% used [0x69400000,0x6b30f308,0x6c440000)
 Metaspace       used 37525K, capacity 38749K, committed 38828K, reserved 39216K
GC Heap History (10 events):
Event: 24,274 GC heap after
Heap after GC invocations=12 (full 1):
 PSYoungGen      total 96768K, used 5917K [0x92580000, 0x9aec0000, 0xa6e00000)
  eden space 86784K, 0% used [0x92580000,0x92580000,0x97a40000)
  from space 9984K, 59% used [0x97a40000,0x980076d0,0x98400000)
  to   space 9984K, 0% used [0x9a500000,0x9a500000,0x9aec0000)
 ParOldGen       total 31232K, used 19412K [0x69400000, 0x6b280000, 0x92580000)
  object space 31232K, 62% used [0x69400000,0x6a6f5398,0x6b280000)
 Metaspace       used 22135K, capacity 22873K, committed 22960K, reserved 23856K
}
Event: 31,056 GC heap before
{Heap before GC invocations=13 (full 1):
 PSYoungGen      total 96768K, used 92701K [0x92580000, 0x9aec0000, 0xa6e00000)
  eden space 86784K, 100% used [0x92580000,0x97a40000,0x97a40000)
  from space 9984K, 59% used [0x97a40000,0x980076d0,0x98400000)
  to   space 9984K, 0% used [0x9a500000,0x9a500000,0x9aec0000)
 ParOldGen       total 31232K, used 19412K [0x69400000, 0x6b280000, 0x92580000)
  object space 31232K, 62% used [0x69400000,0x6a6f5398,0x6b280000)
 Metaspace       used 26005K, capacity 26833K, committed 26928K, reserved 26928K
Event: 31,088 GC heap after
Heap after GC invocations=13 (full 1):
 PSYoungGen      total 124928K, used 6765K [0x92580000, 0x9ac00000, 0xa6e00000)
  eden space 117760K, 0% used [0x92580000,0x92580000,0x99880000)
  from space 7168K, 94% used [0x9a500000,0x9ab9b6a0,0x9ac00000)
  to   space 9984K, 0% used [0x99880000,0x99880000,0x9a240000)
 ParOldGen       total 31232K, used 22739K [0x69400000, 0x6b280000, 0x92580000)
  object space 31232K, 72% used [0x69400000,0x6aa34c58,0x6b280000)
 Metaspace       used 26005K, capacity 26833K, committed 26928K, reserved 26928K
}
Event: 31,200 GC heap before
{Heap before GC invocations=14 (full 1):
 PSYoungGen      total 124928K, used 10777K [0x92580000, 0x9ac00000, 0xa6e00000)
  eden space 117760K, 3% used [0x92580000,0x9296b010,0x99880000)
  from space 7168K, 94% used [0x9a500000,0x9ab9b6a0,0x9ac00000)
  to   space 9984K, 0% used [0x99880000,0x99880000,0x9a240000)
 ParOldGen       total 31232K, used 22739K [0x69400000, 0x6b280000, 0x92580000)
  object space 31232K, 72% used [0x69400000,0x6aa34c58,0x6b280000)
 Metaspace       used 26396K, capacity 27217K, committed 27308K, reserved 27952K
Event: 31,225 GC heap after
Heap after GC invocations=14 (full 1):
 PSYoungGen      total 127744K, used 182K [0x92580000, 0x9e580000, 0xa6e00000)
  eden space 117760K, 0% used [0x92580000,0x92580000,0x99880000)
  from space 9984K, 1% used [0x99880000,0x998adaa0,0x9a240000)
  to   space 10496K, 0% used [0x9db40000,0x9db40000,0x9e580000)
 ParOldGen       total 31232K, used 25214K [0x69400000, 0x6b280000, 0x92580000)
  object space 31232K, 80% used [0x69400000,0x6ac9f9f0,0x6b280000)
 Metaspace       used 26396K, capacity 27217K, committed 27308K, reserved 27952K
}
Event: 31,225 GC heap before
{Heap before GC invocations=15 (full 2):
 PSYoungGen      total 127744K, used 182K [0x92580000, 0x9e580000, 0xa6e00000)
  eden space 117760K, 0% used [0x92580000,0x92580000,0x99880000)
  from space 9984K, 1% used [0x99880000,0x998adaa0,0x9a240000)
  to   space 10496K, 0% used [0x9db40000,0x9db40000,0x9e580000)
 ParOldGen       total 31232K, used 25214K [0x69400000, 0x6b280000, 0x92580000)
  object space 31232K, 80% used [0x69400000,0x6ac9f9f0,0x6b280000)
 Metaspace       used 26396K, capacity 27217K, committed 27308K, reserved 27952K
Event: 31,372 GC heap after
Heap after GC invocations=15 (full 2):
 PSYoungGen      total 127744K, used 0K [0x92580000, 0x9e580000, 0xa6e00000)
  eden space 117760K, 0% used [0x92580000,0x92580000,0x99880000)
  from space 9984K, 0% used [0x99880000,0x99880000,0x9a240000)
  to   space 10496K, 0% used [0x9db40000,0x9db40000,0x9e580000)
 ParOldGen       total 49408K, used 19341K [0x69400000, 0x6c440000, 0x92580000)
  object space 49408K, 39% used [0x69400000,0x6a6e3490,0x6c440000)
 Metaspace       used 26396K, capacity 27217K, committed 27308K, reserved 27952K
}
Event: 78,704 GC heap before
{Heap before GC invocations=16 (full 2):
 PSYoungGen      total 127744K, used 117760K [0x92580000, 0x9e580000, 0xa6e00000)
  eden space 117760K, 100% used [0x92580000,0x99880000,0x99880000)
  from space 9984K, 0% used [0x99880000,0x99880000,0x9a240000)
  to   space 10496K, 0% used [0x9db40000,0x9db40000,0x9e580000)
 ParOldGen       total 49408K, used 19341K [0x69400000, 0x6c440000, 0x92580000)
  object space 49408K, 39% used [0x69400000,0x6a6e3490,0x6c440000)
 Metaspace       used 33518K, capacity 34523K, committed 34604K, reserved 35120K
Event: 79,000 GC heap after
Heap after GC invocations=16 (full 2):
 PSYoungGen      total 183552K, used 10482K [0x92580000, 0x9eac0000, 0xa6e00000)
  eden space 173056K, 0% used [0x92580000,0x92580000,0x9ce80000)
  from space 10496K, 99% used [0x9db40000,0x9e57c9e0,0x9e580000)
  to   space 13056K, 0% used [0x9ce80000,0x9ce80000,0x9db40000)
 ParOldGen       total 49408K, used 22132K [0x69400000, 0x6c440000, 0x92580000)
  object space 49408K, 44% used [0x69400000,0x6a99d2a8,0x6c440000)
 Metaspace       used 33518K, capacity 34523K, committed 34604K, reserved 35120K
}
Event: 114,304 GC heap before
{Heap before GC invocations=17 (full 2):
 PSYoungGen      total 183552K, used 183538K [0x92580000, 0x9eac0000, 0xa6e00000)
  eden space 173056K, 100% used [0x92580000,0x9ce80000,0x9ce80000)
  from space 10496K, 99% used [0x9db40000,0x9e57c9e0,0x9e580000)
  to   space 13056K, 0% used [0x9ce80000,0x9ce80000,0x9db40000)
 ParOldGen       total 49408K, used 22132K [0x69400000, 0x6c440000, 0x92580000)
  object space 49408K, 44% used [0x69400000,0x6a99d2a8,0x6c440000)
 Metaspace       used 37525K, capacity 38749K, committed 38828K, reserved 39216K

