# JRE version: OpenJDK Runtime Environment (8.0_181-b13) (build 1.8.0_181-8u181-b13-0ubuntu0.16.04.1-b13)
# Java VM: OpenJDK Server VM (25.181-b13 mixed mode linux-x86 )
Heap:
 PSYoungGen      total 194560K, used 448K [0x92580000, 0x9f280000, 0xa6e00000)
  eden space 179200K, 0% used [0x92580000,0x92580000,0x9d480000)
  from space 15360K, 2% used [0x9d480000,0x9d4f03b8,0x9e380000)
  to   space 12544K, 0% used [0x9e380000,0x9e380000,0x9efc0000)
 ParOldGen       total 37376K, used 26519K [0x69400000, 0x6b880000, 0x92580000)
  object space 37376K, 70% used [0x69400000,0x6ade5c98,0x6b880000)
 Metaspace       used 26398K, capacity 27244K, committed 27308K, reserved 27952K
GC Heap History (10 events):
Event: 6,917 GC heap after
Heap after GC invocations=7 (full 0):
 PSYoungGen      total 69376K, used 6905K [0x92580000, 0x9b300000, 0xa6e00000)
  eden space 62464K, 0% used [0x92580000,0x92580000,0x96280000)
  from space 6912K, 99% used [0x96280000,0x9693e500,0x96940000)
  to   space 9984K, 0% used [0x9a940000,0x9a940000,0x9b300000)
 ParOldGen       total 42496K, used 12533K [0x69400000, 0x6bd80000, 0x92580000)
  object space 42496K, 29% used [0x69400000,0x6a03d578,0x6bd80000)
 Metaspace       used 15150K, capacity 15677K, committed 15768K, reserved 16688K
}
Event: 7,276 GC heap before
{Heap before GC invocations=8 (full 0):
 PSYoungGen      total 69376K, used 32680K [0x92580000, 0x9b300000, 0xa6e00000)
  eden space 62464K, 41% used [0x92580000,0x93eabcd8,0x96280000)
  from space 6912K, 99% used [0x96280000,0x9693e500,0x96940000)
  to   space 9984K, 0% used [0x9a940000,0x9a940000,0x9b300000)
 ParOldGen       total 42496K, used 12533K [0x69400000, 0x6bd80000, 0x92580000)
  object space 42496K, 29% used [0x69400000,0x6a03d578,0x6bd80000)
 Metaspace       used 15814K, capacity 16357K, committed 16384K, reserved 16688K
Event: 7,303 GC heap after
Heap after GC invocations=8 (full 0):
 PSYoungGen      total 133376K, used 9971K [0x92580000, 0x9b600000, 0xa6e00000)
  eden space 123392K, 0% used [0x92580000,0x92580000,0x99e00000)
  from space 9984K, 99% used [0x9a940000,0x9b2fce88,0x9b300000)
  to   space 11520K, 0% used [0x99e00000,0x99e00000,0x9a940000)
 ParOldGen       total 42496K, used 13087K [0x69400000, 0x6bd80000, 0x92580000)
  object space 42496K, 30% used [0x69400000,0x6a0c7e58,0x6bd80000)
 Metaspace       used 15814K, capacity 16357K, committed 16384K, reserved 16688K
}
Event: 7,303 GC heap before
{Heap before GC invocations=9 (full 1):
 PSYoungGen      total 133376K, used 9971K [0x92580000, 0x9b600000, 0xa6e00000)
  eden space 123392K, 0% used [0x92580000,0x92580000,0x99e00000)
  from space 9984K, 99% used [0x9a940000,0x9b2fce88,0x9b300000)
  to   space 11520K, 0% used [0x99e00000,0x99e00000,0x9a940000)
 ParOldGen       total 42496K, used 13087K [0x69400000, 0x6bd80000, 0x92580000)
  object space 42496K, 30% used [0x69400000,0x6a0c7e58,0x6bd80000)
 Metaspace       used 15814K, capacity 16357K, committed 16384K, reserved 16688K
Event: 7,395 GC heap after
Heap after GC invocations=9 (full 1):
 PSYoungGen      total 133376K, used 0K [0x92580000, 0x9b600000, 0xa6e00000)
  eden space 123392K, 0% used [0x92580000,0x92580000,0x99e00000)
  from space 9984K, 0% used [0x9a940000,0x9a940000,0x9b300000)
  to   space 11520K, 0% used [0x99e00000,0x99e00000,0x9a940000)
 ParOldGen       total 37376K, used 13984K [0x69400000, 0x6b880000, 0x92580000)
  object space 37376K, 37% used [0x69400000,0x6a1a8230,0x6b880000)
 Metaspace       used 15814K, capacity 16357K, committed 16384K, reserved 16688K
}
Event: 10,859 GC heap before
{Heap before GC invocations=10 (full 1):
 PSYoungGen      total 133376K, used 123373K [0x92580000, 0x9b600000, 0xa6e00000)
  eden space 123392K, 99% used [0x92580000,0x99dfb6f8,0x99e00000)
  from space 9984K, 0% used [0x9a940000,0x9a940000,0x9b300000)
  to   space 11520K, 0% used [0x99e00000,0x99e00000,0x9a940000)
 ParOldGen       total 37376K, used 13984K [0x69400000, 0x6b880000, 0x92580000)
  object space 37376K, 37% used [0x69400000,0x6a1a8230,0x6b880000)
 Metaspace       used 19931K, capacity 20709K, committed 20736K, reserved 20784K
Event: 10,913 GC heap after
Heap after GC invocations=10 (full 1):
 PSYoungGen      total 134912K, used 10072K [0x92580000, 0x9efc0000, 0xa6e00000)
  eden space 123392K, 0% used [0x92580000,0x92580000,0x99e00000)
  from space 11520K, 87% used [0x99e00000,0x9a7d63e8,0x9a940000)
  to   space 12544K, 0% used [0x9e380000,0x9e380000,0x9efc0000)
 ParOldGen       total 37376K, used 13988K [0x69400000, 0x6b880000, 0x92580000)
  object space 37376K, 37% used [0x69400000,0x6a1a9230,0x6b880000)
 Metaspace       used 19931K, capacity 20709K, committed 20736K, reserved 20784K
}
Event: 16,016 GC heap before
{Heap before GC invocations=11 (full 1):
 PSYoungGen      total 134912K, used 133464K [0x92580000, 0x9efc0000, 0xa6e00000)
  eden space 123392K, 100% used [0x92580000,0x99e00000,0x99e00000)
  from space 11520K, 87% used [0x99e00000,0x9a7d63e8,0x9a940000)
  to   space 12544K, 0% used [0x9e380000,0x9e380000,0x9efc0000)
 ParOldGen       total 37376K, used 13988K [0x69400000, 0x6b880000, 0x92580000)
  object space 37376K, 37% used [0x69400000,0x6a1a9230,0x6b880000)
 Metaspace       used 26138K, capacity 26988K, committed 27136K, reserved 27952K
Event: 16,076 GC heap after
Heap after GC invocations=11 (full 1):
 PSYoungGen      total 191744K, used 12532K [0x92580000, 0x9f280000, 0xa6e00000)
  eden space 179200K, 0% used [0x92580000,0x92580000,0x9d480000)
  from space 12544K, 99% used [0x9e380000,0x9efbd020,0x9efc0000)
  to   space 15360K, 0% used [0x9d480000,0x9d480000,0x9e380000)
 ParOldGen       total 37376K, used 17056K [0x69400000, 0x6b880000, 0x92580000)
  object space 37376K, 45% used [0x69400000,0x6a4a8128,0x6b880000)
 Metaspace       used 26138K, capacity 26988K, committed 27136K, reserved 27952K
}
Event: 16,153 GC heap before
{Heap before GC invocations=12 (full 1):
 PSYoungGen      total 191744K, used 21090K [0x92580000, 0x9f280000, 0xa6e00000)
  eden space 179200K, 4% used [0x92580000,0x92ddba08,0x9d480000)
  from space 12544K, 99% used [0x9e380000,0x9efbd020,0x9efc0000)
  to   space 15360K, 0% used [0x9d480000,0x9d480000,0x9e380000)
 ParOldGen       total 37376K, used 17056K [0x69400000, 0x6b880000, 0x92580000)
  object space 37376K, 45% used [0x69400000,0x6a4a8128,0x6b880000)
 Metaspace       used 26398K, capacity 27244K, committed 27308K, reserved 27952K

