# JRE version: OpenJDK Runtime Environment (8.0_181-b13) (build 1.8.0_181-8u181-b13-0ubuntu0.16.04.1-b13)
# Java VM: OpenJDK Server VM (25.181-b13 mixed mode linux-x86 )
Heap:
 PSYoungGen      total 138496K, used 9883K [0x92580000, 0x9b800000, 0xa6e00000)
  eden space 126976K, 0% used [0x92580000,0x92580000,0x9a180000)
  from space 11520K, 85% used [0x9a180000,0x9ab26cf8,0x9acc0000)
  to   space 11008K, 0% used [0x9ad40000,0x9ad40000,0x9b800000)
 ParOldGen       total 44800K, used 14571K [0x69400000, 0x6bfc0000, 0x92580000)
  object space 44800K, 32% used [0x69400000,0x6a23afa8,0x6bfc0000)
 Metaspace       used 19874K, capacity 20627K, committed 20736K, reserved 20784K
GC Heap History (10 events):
Event: 2,247 GC heap after
Heap after GC invocations=3 (full 0):
 PSYoungGen      total 34304K, used 2559K [0x92580000, 0x96880000, 0xa6e00000)
  eden space 31744K, 0% used [0x92580000,0x92580000,0x94480000)
  from space 2560K, 99% used [0x94480000,0x946ffed0,0x94700000)
  to   space 2560K, 0% used [0x96600000,0x96600000,0x96880000)
 ParOldGen       total 42496K, used 3891K [0x69400000, 0x6bd80000, 0x92580000)
  object space 42496K, 9% used [0x69400000,0x697ccf58,0x6bd80000)
 Metaspace       used 9711K, capacity 10052K, committed 10136K, reserved 10544K
}
Event: 2,850 GC heap before
{Heap before GC invocations=4 (full 0):
 PSYoungGen      total 34304K, used 34303K [0x92580000, 0x96880000, 0xa6e00000)
  eden space 31744K, 100% used [0x92580000,0x94480000,0x94480000)
  from space 2560K, 99% used [0x94480000,0x946ffed0,0x94700000)
  to   space 2560K, 0% used [0x96600000,0x96600000,0x96880000)
 ParOldGen       total 42496K, used 3891K [0x69400000, 0x6bd80000, 0x92580000)
  object space 42496K, 9% used [0x69400000,0x697ccf58,0x6bd80000)
 Metaspace       used 11709K, capacity 12104K, committed 12184K, reserved 12592K
Event: 2,898 GC heap after
Heap after GC invocations=4 (full 0):
 PSYoungGen      total 66048K, used 2545K [0x92580000, 0x96880000, 0xa6e00000)
  eden space 63488K, 0% used [0x92580000,0x92580000,0x96380000)
  from space 2560K, 99% used [0x96600000,0x9687c460,0x96880000)
  to   space 2560K, 0% used [0x96380000,0x96380000,0x96600000)
 ParOldGen       total 42496K, used 7083K [0x69400000, 0x6bd80000, 0x92580000)
  object space 42496K, 16% used [0x69400000,0x69aeac80,0x6bd80000)
 Metaspace       used 11709K, capacity 12104K, committed 12184K, reserved 12592K
}
Event: 4,542 GC heap before
{Heap before GC invocations=5 (full 0):
 PSYoungGen      total 66048K, used 66033K [0x92580000, 0x96880000, 0xa6e00000)
  eden space 63488K, 100% used [0x92580000,0x96380000,0x96380000)
  from space 2560K, 99% used [0x96600000,0x9687c460,0x96880000)
  to   space 2560K, 0% used [0x96380000,0x96380000,0x96600000)
 ParOldGen       total 42496K, used 7083K [0x69400000, 0x6bd80000, 0x92580000)
  object space 42496K, 16% used [0x69400000,0x69aeac80,0x6bd80000)
 Metaspace       used 15174K, capacity 15681K, committed 15768K, reserved 16688K
Event: 4,609 GC heap after
Heap after GC invocations=5 (full 0):
 PSYoungGen      total 66048K, used 2547K [0x92580000, 0x9b900000, 0xa6e00000)
  eden space 63488K, 0% used [0x92580000,0x92580000,0x96380000)
  from space 2560K, 99% used [0x96380000,0x965fcc70,0x96600000)
  to   space 12032K, 0% used [0x9ad40000,0x9ad40000,0x9b900000)
 ParOldGen       total 42496K, used 17491K [0x69400000, 0x6bd80000, 0x92580000)
  object space 42496K, 41% used [0x69400000,0x6a514c80,0x6bd80000)
 Metaspace       used 15174K, capacity 15681K, committed 15768K, reserved 16688K
}
Event: 5,135 GC heap before
{Heap before GC invocations=6 (full 0):
 PSYoungGen      total 66048K, used 65609K [0x92580000, 0x9b900000, 0xa6e00000)
  eden space 63488K, 99% used [0x92580000,0x96315978,0x96380000)
  from space 2560K, 99% used [0x96380000,0x965fcc70,0x96600000)
  to   space 12032K, 0% used [0x9ad40000,0x9ad40000,0x9b900000)
 ParOldGen       total 42496K, used 17491K [0x69400000, 0x6bd80000, 0x92580000)
  object space 42496K, 41% used [0x69400000,0x6a514c80,0x6bd80000)
 Metaspace       used 15850K, capacity 16372K, committed 16384K, reserved 16688K
Event: 5,169 GC heap after
Heap after GC invocations=6 (full 0):
 PSYoungGen      total 137984K, used 7028K [0x92580000, 0x9b800000, 0xa6e00000)
  eden space 126976K, 0% used [0x92580000,0x92580000,0x9a180000)
  from space 11008K, 63% used [0x9ad40000,0x9b41d360,0x9b800000)
  to   space 11520K, 0% used [0x9a180000,0x9a180000,0x9acc0000)
 ParOldGen       total 42496K, used 17495K [0x69400000, 0x6bd80000, 0x92580000)
  object space 42496K, 41% used [0x69400000,0x6a515c80,0x6bd80000)
 Metaspace       used 15850K, capacity 16372K, committed 16384K, reserved 16688K
}
Event: 5,169 GC heap before
{Heap before GC invocations=7 (full 1):
 PSYoungGen      total 137984K, used 7028K [0x92580000, 0x9b800000, 0xa6e00000)
  eden space 126976K, 0% used [0x92580000,0x92580000,0x9a180000)
  from space 11008K, 63% used [0x9ad40000,0x9b41d360,0x9b800000)
  to   space 11520K, 0% used [0x9a180000,0x9a180000,0x9acc0000)
 ParOldGen       total 42496K, used 17495K [0x69400000, 0x6bd80000, 0x92580000)
  object space 42496K, 41% used [0x69400000,0x6a515c80,0x6bd80000)
 Metaspace       used 15850K, capacity 16372K, committed 16384K, reserved 16688K
Event: 5,275 GC heap after
Heap after GC invocations=7 (full 1):
 PSYoungGen      total 137984K, used 0K [0x92580000, 0x9b800000, 0xa6e00000)
  eden space 126976K, 0% used [0x92580000,0x92580000,0x9a180000)
  from space 11008K, 0% used [0x9ad40000,0x9ad40000,0x9b800000)
  to   space 11520K, 0% used [0x9a180000,0x9a180000,0x9acc0000)
 ParOldGen       total 44800K, used 14571K [0x69400000, 0x6bfc0000, 0x92580000)
  object space 44800K, 32% used [0x69400000,0x6a23afa8,0x6bfc0000)
 Metaspace       used 15850K, capacity 16372K, committed 16384K, reserved 16688K
}
Event: 14,038 GC heap before
{Heap before GC invocations=8 (full 1):
 PSYoungGen      total 137984K, used 126974K [0x92580000, 0x9b800000, 0xa6e00000)
  eden space 126976K, 99% used [0x92580000,0x9a17f910,0x9a180000)
  from space 11008K, 0% used [0x9ad40000,0x9ad40000,0x9b800000)
  to   space 11520K, 0% used [0x9a180000,0x9a180000,0x9acc0000)
 ParOldGen       total 44800K, used 14571K [0x69400000, 0x6bfc0000, 0x92580000)
  object space 44800K, 32% used [0x69400000,0x6a23afa8,0x6bfc0000)
 Metaspace       used 19874K, capacity 20627K, committed 20736K, reserved 20784K

